<?xml version="1.0" encoding="UTF-8"?>
<!-- Generated by org.testng.reporters.JUnitXMLReporter -->
<testsuite hostname="DESKTOP-EEV72M3" ignored="0" name="sampleTest" tests="4" failures="0" timestamp="25 Mar 2020 22:13:58 GMT" time="1.83" errors="0">
  <testcase name="@BeforeClass beforeClass" time="1.768" classname="practice.test.BaseTest">
    <failure type="org.openqa.selenium.SessionNotCreatedException" message="session not created: This version of ChromeDriver only supports Chrome version 81
Build info: version: &amp;apos;3.141.0&amp;apos;, revision: &amp;apos;2ecb7d9a&amp;apos;, time: &amp;apos;2018-10-31T20:09:30&amp;apos;
System info: host: &amp;apos;DESKTOP-EEV72M3&amp;apos;, ip: &amp;apos;192.168.0.12&amp;apos;, os.name: &amp;apos;Windows 10&amp;apos;, os.arch: &amp;apos;amd64&amp;apos;, os.version: &amp;apos;10.0&amp;apos;, java.version: &amp;apos;1.8.0_211&amp;apos;
Driver info: driver.version: ChromeDriver
remote stacktrace: Backtrace:
	Ordinal0 [0x003E5D53+2448723]
	Ordinal0 [0x00318131+1605937]
	Ordinal0 [0x0020F879+522361]
	Ordinal0 [0x001A05F3+67059]
	Ordinal0 [0x0019CD92+52626]
	Ordinal0 [0x001BC127+180519]
	Ordinal0 [0x001BBF2D+180013]
	Ordinal0 [0x001B9E5B+171611]
	Ordinal0 [0x001A1DD8+73176]
	Ordinal0 [0x001A2E50+77392]
	Ordinal0 [0x001A2DE9+77289]
	Ordinal0 [0x0032D6A7+1693351]
	GetHandleVerifier [0x00483E16+522726]
	GetHandleVerifier [0x00483B54+522020]
	GetHandleVerifier [0x00498F67+609079]
	GetHandleVerifier [0x00484686+524886]
	Ordinal0 [0x00325A8C+1661580]
	Ordinal0 [0x0032F00B+1699851]
	Ordinal0 [0x0032F173+1700211]
	Ordinal0 [0x00344FE5+1789925]
	BaseThreadInitThunk [0x749E8484+36]
	RtlValidSecurityDescriptor [0x777D305A+282]
	RtlValidSecurityDescriptor [0x777D302A+234]
">
      <![CDATA[org.openqa.selenium.SessionNotCreatedException: session not created: This version of ChromeDriver only supports Chrome version 81
Build info: version: '3.141.0', revision: '2ecb7d9a', time: '2018-10-31T20:09:30'
System info: host: 'DESKTOP-EEV72M3', ip: '192.168.0.12', os.name: 'Windows 10', os.arch: 'amd64', os.version: '10.0', java.version: '1.8.0_211'
Driver info: driver.version: ChromeDriver
remote stacktrace: Backtrace:
Ordinal0 [0x003E5D53+2448723]
Ordinal0 [0x00318131+1605937]
Ordinal0 [0x0020F879+522361]
Ordinal0 [0x001A05F3+67059]
Ordinal0 [0x0019CD92+52626]
Ordinal0 [0x001BC127+180519]
Ordinal0 [0x001BBF2D+180013]
Ordinal0 [0x001B9E5B+171611]
Ordinal0 [0x001A1DD8+73176]
Ordinal0 [0x001A2E50+77392]
Ordinal0 [0x001A2DE9+77289]
Ordinal0 [0x0032D6A7+1693351]
GetHandleVerifier [0x00483E16+522726]
GetHandleVerifier [0x00483B54+522020]
GetHandleVerifier [0x00498F67+609079]
GetHandleVerifier [0x00484686+524886]
Ordinal0 [0x00325A8C+1661580]
Ordinal0 [0x0032F00B+1699851]
Ordinal0 [0x0032F173+1700211]
Ordinal0 [0x00344FE5+1789925]
BaseThreadInitThunk [0x749E8484+36]
RtlValidSecurityDescriptor [0x777D305A+282]
RtlValidSecurityDescriptor [0x777D302A+234]

at org.openqa.selenium.remote.W3CHandshakeResponse.lambda$errorHandler$0(W3CHandshakeResponse.java:62)
at org.openqa.selenium.remote.HandshakeResponse.lambda$getResponseFunction$0(HandshakeResponse.java:30)
at org.openqa.selenium.remote.ProtocolHandshake.lambda$createSession$0(ProtocolHandshake.java:123)
at java.util.stream.ReferencePipeline$3$1.accept(ReferencePipeline.java:193)
at java.util.Spliterators$ArraySpliterator.tryAdvance(Spliterators.java:958)
at java.util.stream.ReferencePipeline.forEachWithCancel(ReferencePipeline.java:126)
at java.util.stream.AbstractPipeline.copyIntoWithCancel(AbstractPipeline.java:498)
at java.util.stream.AbstractPipeline.copyInto(AbstractPipeline.java:485)
at java.util.stream.AbstractPipeline.wrapAndCopyInto(AbstractPipeline.java:471)
at java.util.stream.FindOps$FindOp.evaluateSequential(FindOps.java:152)
at java.util.stream.AbstractPipeline.evaluate(AbstractPipeline.java:234)
at java.util.stream.ReferencePipeline.findFirst(ReferencePipeline.java:464)
at org.openqa.selenium.remote.ProtocolHandshake.createSession(ProtocolHandshake.java:125)
at org.openqa.selenium.remote.ProtocolHandshake.createSession(ProtocolHandshake.java:74)
at org.openqa.selenium.remote.HttpCommandExecutor.execute(HttpCommandExecutor.java:136)
at org.openqa.selenium.remote.service.DriverCommandExecutor.execute(DriverCommandExecutor.java:83)
at org.openqa.selenium.remote.RemoteWebDriver.execute(RemoteWebDriver.java:552)
at org.openqa.selenium.remote.RemoteWebDriver.startSession(RemoteWebDriver.java:213)
at org.openqa.selenium.remote.RemoteWebDriver.<init>(RemoteWebDriver.java:131)
at org.openqa.selenium.chrome.ChromeDriver.<init>(ChromeDriver.java:181)
at org.openqa.selenium.chrome.ChromeDriver.<init>(ChromeDriver.java:168)
at org.openqa.selenium.chrome.ChromeDriver.<init>(ChromeDriver.java:123)
at practice.test.BaseTest.beforeClass(BaseTest.java:89)
... Removed 30 stack frames]]>
    </failure>
  </testcase> <!-- @BeforeClass beforeClass -->
  <testcase name="@BeforeMethod beforeMethod" time="0.0" classname="practice.test.BaseTest">
    <skipped/>
  </testcase> <!-- @BeforeMethod beforeMethod -->
  <testcase name="@AfterMethod afterMethod" time="0.0" classname="practice.test.BaseTest">
    <skipped/>
  </testcase> <!-- @AfterMethod afterMethod -->
  <testcase name="@BeforeMethod beforeMethod" time="0.0" classname="practice.test.BaseTest">
    <skipped/>
  </testcase> <!-- @BeforeMethod beforeMethod -->
  <testcase name="@AfterMethod afterMethod" time="0.0" classname="practice.test.BaseTest">
    <skipped/>
  </testcase> <!-- @AfterMethod afterMethod -->
  <testcase name="@BeforeMethod beforeMethod" time="0.0" classname="practice.test.BaseTest">
    <skipped/>
  </testcase> <!-- @BeforeMethod beforeMethod -->
  <testcase name="@AfterMethod afterMethod" time="0.0" classname="practice.test.BaseTest">
    <skipped/>
  </testcase> <!-- @AfterMethod afterMethod -->
  <testcase name="@BeforeMethod beforeMethod" time="0.0" classname="practice.test.BaseTest">
    <skipped/>
  </testcase> <!-- @BeforeMethod beforeMethod -->
  <testcase name="@AfterMethod afterMethod" time="0.0" classname="practice.test.BaseTest">
    <skipped/>
  </testcase> <!-- @AfterMethod afterMethod -->
  <testcase name="@AfterClass afterClass" time="0.0" classname="practice.test.BaseTest">
    <skipped/>
  </testcase> <!-- @AfterClass afterClass -->
  <testcase name="@AfterTest afterTest" time="0.0" classname="practice.test.BaseTest">
    <skipped/>
  </testcase> <!-- @AfterTest afterTest -->
  <testcase name="catagory" time="0.0" classname="practice.test.SmokeTest">
    <skipped/>
  </testcase> <!-- catagory -->
  <testcase name="signin" time="0.0" classname="practice.test.SmokeTest">
    <skipped/>
  </testcase> <!-- signin -->
  <testcase name="signin" time="0.0" classname="practice.test.SmokeTest">
    <skipped/>
  </testcase> <!-- signin -->
  <testcase name="search" time="0.0" classname="practice.test.SmokeTest">
    <skipped/>
  </testcase> <!-- search -->
</testsuite> <!-- sampleTest -->
